*** Using Compiler 'V5.06 update 6 (build 750)', folder: 'C:\Keil_v5\ARM\ARMCC\Bin'
Rebuild target 'testmotor'
assembling startup_stm32f407xx.s...
compiling stm32f4xx_hal_msp.c...
compiling stm32f4xx_hal_flash_ramfunc.c...
compiling stm32f4xx_hal_flash_ex.c...
compiling tim.c...
compiling gpio.c...
compiling stm32f4xx_hal_flash.c...
compiling stm32f4xx_it.c...
.\user\flag.hpp(9): warning:  #1-D: last line of file ends without a newline
  };
../Core/Src/stm32f4xx_it.c(367): warning:  #9-D: nested comment is not allowed
  /*
../Core/Src/stm32f4xx_it.c: 2 warnings, 0 errors
compiling main.c...
.\user\flag.hpp(9): warning:  #1-D: last line of file ends without a newline
  };
../Core/Src/main.c: 1 warning, 0 errors
compiling usart.c...
compiling stm32f4xx_hal_rcc_ex.c...
compiling stm32f4xx_hal_rcc.c...
compiling stm32f4xx_hal_tim_ex.c...
compiling stm32f4xx_hal_tim.c...
compiling PID.cpp...
user\PID.cpp(20): warning:  #1035-D: single-precision operand implicitly converted to double-precision
    if(out>max_speed)
user\PID.cpp(34): warning:  #1-D: last line of file ends without a newline
  }
user\PID.cpp: 2 warnings, 0 errors
compiling stm32f4xx_hal.c...
compiling stm32f4xx_hal_gpio.c...
compiling stm32f4xx_hal_dma.c...
compiling system_stm32f4xx.c...
compiling stm32f4xx_hal_pwr.c...
compiling stm32f4xx_hal_exti.c...
compiling chassis.cpp...
user\chassis.cpp(25): warning:  #1-D: last line of file ends without a newline
  }
user\chassis.cpp: 1 warning, 0 errors
compiling stm32f4xx_hal_pwr_ex.c...
compiling motor.cpp...
user\motor.cpp(8): warning:  #1035-D: single-precision operand implicitly converted to double-precision
  	int pwm=this->pid.do_pid()/1.246*10000;
user\motor.cpp(47): warning:  #1-D: last line of file ends without a newline
  }
user\motor.cpp: 2 warnings, 0 errors
compiling stm32f4xx_hal_dma_ex.c...
compiling stm32f4xx_hal_cortex.c...
compiling stm32f4xx_hal_uart.c...
linking...
Program Size: Code=18600 RO-data=628 RW-data=44 ZI-data=2356  
FromELF: creating hex file...
"testmotor\testmotor.axf" - 0 Error(s), 8 Warning(s).
Build Time Elapsed:  00:00:14
